0 info it worked if it ends with ok
1 verbose cli [ 'node', '/usr/local/bin/npm', 'publish' ]
2 info using npm@2.1.9
3 info using node@v0.10.31
4 verbose node symlink /usr/local/bin/node
5 verbose publish [ '.' ]
6 silly cache add args [ '.', null ]
7 verbose cache add spec .
8 silly cache add parsed spec { raw: '.',
8 silly cache add   scope: null,
8 silly cache add   name: null,
8 silly cache add   rawSpec: '.',
8 silly cache add   spec: '/Users/muraoyoshihisa/dev/JavaScript/cooker',
8 silly cache add   type: 'directory' }
9 verbose tar pack [ '/Users/muraoyoshihisa/.npm/cookiecooker/0.5.0/package.tgz',
9 verbose tar pack   '/Users/muraoyoshihisa/dev/JavaScript/cooker' ]
10 verbose tarball /Users/muraoyoshihisa/.npm/cookiecooker/0.5.0/package.tgz
11 verbose folder /Users/muraoyoshihisa/dev/JavaScript/cooker
12 info prepublish cookiecooker@0.5.0
13 verbose addLocalTarball adding from inside cache /Users/muraoyoshihisa/.npm/cookiecooker/0.5.0/package.tgz
14 silly cache afterAdd cookiecooker@0.5.0
15 verbose afterAdd /Users/muraoyoshihisa/.npm/cookiecooker/0.5.0/package/package.json not in flight; writing
16 verbose afterAdd /Users/muraoyoshihisa/.npm/cookiecooker/0.5.0/package/package.json written
17 silly publish { name: 'cookiecooker',
17 silly publish   version: '0.5.0',
17 silly publish   description: 'cookie utility',
17 silly publish   main: './src/cooker.js',
17 silly publish   scripts:
17 silly publish    { test: './node_modules/karma/bin/karma start',
17 silly publish      build: './node_modules/browserify/bin/cmd.js ./src/cooker.js -o ./dist/cooker.js' },
17 silly publish   browser:
17 silly publish    { cooker: './src/cooker.js',
17 silly publish      'cooker.model': './src/cooker.model.js',
17 silly publish      'cooker.collection': './src/cooker.collection.js' },
17 silly publish   keywords: [ 'cookie', 'browserify' ],
17 silly publish   author: { name: 'niwaringo@gmail.com' },
17 silly publish   homepage: 'https://github.com/niwaringo/cookiecooker',
17 silly publish   repository:
17 silly publish    { type: 'git',
17 silly publish      url: 'git@github.com:niwaringo/cookiecooker.git' },
17 silly publish   license: 'MIT',
17 silly publish   devDependencies:
17 silly publish    { browserify: '^8.0.3',
17 silly publish      karma: '^0.12.31',
17 silly publish      'karma-browserify': '^2.0.0',
17 silly publish      'karma-chrome-launcher': '^0.1.7',
17 silly publish      'karma-mocha': '^0.1.10',
17 silly publish      mocha: '^2.1.0' },
17 silly publish   readme: 'cookiecooker\n============\n\ncookie utility\n\nInstall\n-------\n\n### npm\n\n```javascript\nnpm install cookiecooker\n```\n\n### browser\n\n[Download here](https://raw.githubusercontent.com/niwaringo/cookiecooker/master/dist/cooker.js)\n\n```html\n<script src="cooker.js"></script>\n<script>\ncooker().cookie(\'name\', \'value\');\n</script>\n```\n\nUsage\n-----\n\n### Set cookie:\n\n```javascript\ncooker().cookie(\'name\', \'value\');\n```\n\n### Set cookie with option:\n\n```javascript\ncooker().cookie(\'name\', \'value\', {expires: new Date(2020, 0, 8), path: \'/\'});\n```\n\n### Get Cookie:\n\n```javascript\ncooker().cookie(\'name\'); // => value\ncooker().cookie(\'nothing\'); // => undefined\n```\n\n### Remove Cookie:\n\n```javascript\ncooker().remove(\'name\'); // => true\ncooker().remove(\'nothing\'); // => false\n\n//with option\ncooker().cookie(\'path_cookie\', \'value\', {path: \'/\'});\ncooker().remove(\'path_cookie\'); // => false\ncooker().remove(\'path_cookie\', {path: \'/\'}); // => true\n```\n\n### toJSON:\n\n```javascript\n// document.cookie => "name1=value1; name2=value2"\ncooker().toJSON(); // => [{name: \'name1\', value: \'value1\'}, {name: \'name2\', value: \'value2\'}]\n```\n\n### each:\n\n```javascript\n// document.cookie => "name1=value1; name2=value2"\ncooker().each(function(cookie) {\n  console.log(cookie.name + \' \' + cookie.value);\n});\n// => name1 value1\n// => name2 value2\n```\n\n### Create:\n\n```javascript\n// document.cookie => \'\'\ncooker().create(\'name\', \'value\'); // => true | document.cookie => \'name=value\'\n// document.cookie => \'name=value\'\ncooker().create(\'name\', \'new_value\'); // => false | document.cookie => \'name=value\'\n```\n\n### Update:\n\n```javascript\n// document.cookie => \'name=value\'\ncooker().update(\'name\', \'new_value\'); // => true | document.cookie => \'name=new_value\'\n// document.cookie => \'\'\ncooker().update(\'name\', \'new_value\'); // => false | document.cookie => \'\'\n```\n',
17 silly publish   readmeFilename: 'README.md',
17 silly publish   gitHead: 'f09143b5905071bcbaa870a87d486cf1d46d8208',
17 silly publish   bugs: { url: 'https://github.com/niwaringo/cookiecooker/issues' },
17 silly publish   _id: 'cookiecooker@0.5.0',
17 silly publish   _shasum: '6282496cb0c0ba37020cadf21d6af3c96511d046',
17 silly publish   _from: '.' }
18 silly mapToRegistry name cookiecooker
19 silly mapToRegistry using default registry
20 silly mapToRegistry registry https://registry.npmjs.org/
21 silly mapToRegistry uri https://registry.npmjs.org/cookiecooker
22 verbose publish registryBase https://registry.npmjs.org/
23 silly publish uploading /Users/muraoyoshihisa/.npm/cookiecooker/0.5.0/package.tgz
24 verbose request uri https://registry.npmjs.org/cookiecooker
25 verbose request sending authorization for write operation
26 info attempt registry request try #1 at 11:59:21
27 verbose request id adf571b2d637fbbd
28 http request PUT https://registry.npmjs.org/cookiecooker
29 http 403 https://registry.npmjs.org/cookiecooker
30 verbose headers { date: 'Fri, 09 Jan 2015 02:59:21 GMT',
30 verbose headers   server: 'CouchDB/1.5.0 (Erlang OTP/R16B03)',
30 verbose headers   'content-type': 'application/json',
30 verbose headers   'cache-control': 'max-age=60',
30 verbose headers   'content-length': '5185',
30 verbose headers   'accept-ranges': 'bytes',
30 verbose headers   via: '1.1 varnish',
30 verbose headers   'x-served-by': 'cache-ty68-TYO',
30 verbose headers   'x-cache': 'MISS',
30 verbose headers   'x-cache-hits': '0',
30 verbose headers   'x-timer': 'S1420772361.490137,VS0,VE227',
30 verbose headers   'keep-alive': 'timeout=10, max=50',
30 verbose headers   connection: 'Keep-Alive' }
31 verbose request invalidating /Users/muraoyoshihisa/.npm/registry.npmjs.org/cookiecooker on PUT
32 error publish Failed PUT 403
33 verbose stack Error: forbidden cannot modify pre-existing version: 0.5.0
33 verbose stack old={"name":"cookiecooker","version":"0.5.0","description":"cookie utility","main":"./src/cooker.js","scripts":{"test":"./node_modules/karma/bin/karma start","build":"./node_modules/browserify/bin/cmd.js ./src/cooker.js -o ./dist/cooker.js"},"browser":{"cooker":"./src/cooker.js","cooker.model":"./src/cooker.model.js","cooker.collection":"./src/cooker.collection.js"},"keywords":["cookie","browserify"],"author":{"name":"niwaringo@gmail.com"},"license":"MIT","devDependencies":{"browserify":"^8.0.3","karma":"^0.12.31","karma-browserify":"^2.0.0","karma-chrome-launcher":"^0.1.7","karma-mocha":"^0.1.10","mocha":"^2.1.0"},"gitHead":"8451a4d9926ae73d0e2e78253abafe66d879b6ef","_id":"cookiecooker@0.5.0","_shasum":"ecfcdb493fdde5da643db6cd690cf2ba958ba900","_from":".","_npmVersion":"2.1.9","_nodeVersion":"0.10.31","_npmUser":{"name":"niwaringo","email":"niwaringo@gmail.com"},"maintainers":[{"name":"niwaringo","email":"niwaringo@gmail.com"}],"dist":{"shasum":"ecfcdb493fdde5da643db6cd690cf2ba958ba900","tarball":"http://registry.npmjs.org/cookiecooker/-/cookiecooker-0.5.0.tgz"}}
33 verbose stack new={"name":"cookiecooker","version":"0.5.0","description":"cookie utility","main":"./src/cooker.js","scripts":{"test":"./node_modules/karma/bin/karma start","build":"./node_modules/browserify/bin/cmd.js ./src/cooker.js -o ./dist/cooker.js"},"browser":{"cooker":"./src/cooker.js","cooker.model":"./src/cooker.model.js","cooker.collection":"./src/cooker.collection.js"},"keywords":["cookie","browserify"],"author":{"name":"niwaringo@gmail.com"},"homepage":"https://github.com/niwaringo/cookiecooker","repository":{"type":"git","url":"git@github.com:niwaringo/cookiecooker.git"},"license":"MIT","devDependencies":{"browserify":"^8.0.3","karma":"^0.12.31","karma-browserify":"^2.0.0","karma-chrome-launcher":"^0.1.7","karma-mocha":"^0.1.10","mocha":"^2.1.0"},"readme":"cookiecooker\u000a============\u000a\u000acookie utility\u000a\u000aInstall\u000a-------\u000a\u000a### npm\u000a\u000a```javascript\u000anpm install cookiecooker\u000a```\u000a\u000a### browser\u000a\u000a[Download here](https://raw.githubusercontent.com/niwaringo/cookiecooker/master/dist/cooker.js)\u000a\u000a```html\u000a<script src=\"cooker.js\"></script>\u000a<script>\u000acooker().cookie('name', 'value');\u000a</script>\u000a```\u000a\u000aUsage\u000a-----\u000a\u000a### Set cookie:\u000a\u000a```javascript\u000acooker().cookie('name', 'value');\u000a```\u000a\u000a### Set cookie with option:\u000a\u000a```javascript\u000acooker().cookie('name', 'value', {expires: new Date(2020, 0, 8), path: '/'});\u000a```\u000a\u000a### Get Cookie:\u000a\u000a```javascript\u000acooker().cookie('name'); // => value\u000acooker().cookie('nothing'); // => undefined\u000a```\u000a\u000a### Remove Cookie:\u000a\u000a```javascript\u000acooker().remove('name'); // => true\u000acooker().remove('nothing'); // => false\u000a\u000a//with option\u000acooker().cookie('path_cookie', 'value', {path: '/'});\u000acooker().remove('path_cookie'); // => false\u000acooker().remove('path_cookie', {path: '/'}); // => true\u000a```\u000a\u000a### toJSON:\u000a\u000a```javascript\u000a// document.cookie => \"name1=value1; name2=value2\"\u000acooker().toJSON(); // => [{name: 'name1', value: 'value1'}, {name: 'name2', value: 'value2'}]\u000a```\u000a\u000a### each:\u000a\u000a```javascript\u000a// document.cookie => \"name1=value1; name2=value2\"\u000acooker().each(function(cookie) {\u000a  console.log(cookie.name + ' ' + cookie.value);\u000a});\u000a// => name1 value1\u000a// => name2 value2\u000a```\u000a\u000a### Create:\u000a\u000a```javascript\u000a// document.cookie => ''\u000acooker().create('name', 'value'); // => true | document.cookie => 'name=value'\u000a// document.cookie => 'name=value'\u000acooker().create('name', 'new_value'); // => false | document.cookie => 'name=value'\u000a```\u000a\u000a### Update:\u000a\u000a```javascript\u000a// document.cookie => 'name=value'\u000acooker().update('name', 'new_value'); // => true | document.cookie => 'name=new_value'\u000a// document.cookie => ''\u000acooker().update('name', 'new_value'); // => false | document.cookie => ''\u000a```\u000a","readmeFilename":"README.md","gitHead":"f09143b5905071bcbaa870a87d486cf1d46d8208","bugs":{"url":"https://github.com/niwaringo/cookiecooker/issues"},"_id":"cookiecooker@0.5.0","_shasum":"6282496cb0c0ba37020cadf21d6af3c96511d046","_from":".","_npmVersion":"2.1.9","_nodeVersion":"0.10.31","_npmUser":{"name":"niwaringo","email":"niwaringo@gmail.com"},"maintainers":[{"name":"niwaringo","email":"niwaringo@gmail.com"}],"dist":{"shasum":"6282496cb0c0ba37020cadf21d6af3c96511d046","tarball":"http://registry.npmjs.org/cookiecooker/-/cookiecooker-0.5.0.tgz"}}: cookiecooker
33 verbose stack     at CachingRegistryClient.<anonymous> (/usr/local/lib/node_modules/npm/node_modules/npm-registry-client/lib/request.js:234:14)
33 verbose stack     at Request._callback (/usr/local/lib/node_modules/npm/node_modules/npm-registry-client/lib/request.js:172:14)
33 verbose stack     at Request.self.callback (/usr/local/lib/node_modules/npm/node_modules/request/request.js:372:22)
33 verbose stack     at Request.emit (events.js:98:17)
33 verbose stack     at Request.<anonymous> (/usr/local/lib/node_modules/npm/node_modules/request/request.js:1310:14)
33 verbose stack     at Request.emit (events.js:117:20)
33 verbose stack     at IncomingMessage.<anonymous> (/usr/local/lib/node_modules/npm/node_modules/request/request.js:1258:12)
33 verbose stack     at IncomingMessage.emit (events.js:117:20)
33 verbose stack     at _stream_readable.js:943:16
33 verbose stack     at process._tickCallback (node.js:419:13)
34 verbose statusCode 403
35 verbose pkgid cookiecooker
36 verbose cwd /Users/muraoyoshihisa/dev/JavaScript/cooker
37 error Darwin 13.4.0
38 error argv "node" "/usr/local/bin/npm" "publish"
39 error node v0.10.31
40 error npm  v2.1.9
41 error code E403
42 error forbidden cannot modify pre-existing version: 0.5.0
42 error old={"name":"cookiecooker","version":"0.5.0","description":"cookie utility","main":"./src/cooker.js","scripts":{"test":"./node_modules/karma/bin/karma start","build":"./node_modules/browserify/bin/cmd.js ./src/cooker.js -o ./dist/cooker.js"},"browser":{"cooker":"./src/cooker.js","cooker.model":"./src/cooker.model.js","cooker.collection":"./src/cooker.collection.js"},"keywords":["cookie","browserify"],"author":{"name":"niwaringo@gmail.com"},"license":"MIT","devDependencies":{"browserify":"^8.0.3","karma":"^0.12.31","karma-browserify":"^2.0.0","karma-chrome-launcher":"^0.1.7","karma-mocha":"^0.1.10","mocha":"^2.1.0"},"gitHead":"8451a4d9926ae73d0e2e78253abafe66d879b6ef","_id":"cookiecooker@0.5.0","_shasum":"ecfcdb493fdde5da643db6cd690cf2ba958ba900","_from":".","_npmVersion":"2.1.9","_nodeVersion":"0.10.31","_npmUser":{"name":"niwaringo","email":"niwaringo@gmail.com"},"maintainers":[{"name":"niwaringo","email":"niwaringo@gmail.com"}],"dist":{"shasum":"ecfcdb493fdde5da643db6cd690cf2ba958ba900","tarball":"http://registry.npmjs.org/cookiecooker/-/cookiecooker-0.5.0.tgz"}}
42 error new={"name":"cookiecooker","version":"0.5.0","description":"cookie utility","main":"./src/cooker.js","scripts":{"test":"./node_modules/karma/bin/karma start","build":"./node_modules/browserify/bin/cmd.js ./src/cooker.js -o ./dist/cooker.js"},"browser":{"cooker":"./src/cooker.js","cooker.model":"./src/cooker.model.js","cooker.collection":"./src/cooker.collection.js"},"keywords":["cookie","browserify"],"author":{"name":"niwaringo@gmail.com"},"homepage":"https://github.com/niwaringo/cookiecooker","repository":{"type":"git","url":"git@github.com:niwaringo/cookiecooker.git"},"license":"MIT","devDependencies":{"browserify":"^8.0.3","karma":"^0.12.31","karma-browserify":"^2.0.0","karma-chrome-launcher":"^0.1.7","karma-mocha":"^0.1.10","mocha":"^2.1.0"},"readme":"cookiecooker\u000a============\u000a\u000acookie utility\u000a\u000aInstall\u000a-------\u000a\u000a### npm\u000a\u000a```javascript\u000anpm install cookiecooker\u000a```\u000a\u000a### browser\u000a\u000a[Download here](https://raw.githubusercontent.com/niwaringo/cookiecooker/master/dist/cooker.js)\u000a\u000a```html\u000a<script src=\"cooker.js\"></script>\u000a<script>\u000acooker().cookie('name', 'value');\u000a</script>\u000a```\u000a\u000aUsage\u000a-----\u000a\u000a### Set cookie:\u000a\u000a```javascript\u000acooker().cookie('name', 'value');\u000a```\u000a\u000a### Set cookie with option:\u000a\u000a```javascript\u000acooker().cookie('name', 'value', {expires: new Date(2020, 0, 8), path: '/'});\u000a```\u000a\u000a### Get Cookie:\u000a\u000a```javascript\u000acooker().cookie('name'); // => value\u000acooker().cookie('nothing'); // => undefined\u000a```\u000a\u000a### Remove Cookie:\u000a\u000a```javascript\u000acooker().remove('name'); // => true\u000acooker().remove('nothing'); // => false\u000a\u000a//with option\u000acooker().cookie('path_cookie', 'value', {path: '/'});\u000acooker().remove('path_cookie'); // => false\u000acooker().remove('path_cookie', {path: '/'}); // => true\u000a```\u000a\u000a### toJSON:\u000a\u000a```javascript\u000a// document.cookie => \"name1=value1; name2=value2\"\u000acooker().toJSON(); // => [{name: 'name1', value: 'value1'}, {name: 'name2', value: 'value2'}]\u000a```\u000a\u000a### each:\u000a\u000a```javascript\u000a// document.cookie => \"name1=value1; name2=value2\"\u000acooker().each(function(cookie) {\u000a  console.log(cookie.name + ' ' + cookie.value);\u000a});\u000a// => name1 value1\u000a// => name2 value2\u000a```\u000a\u000a### Create:\u000a\u000a```javascript\u000a// document.cookie => ''\u000acooker().create('name', 'value'); // => true | document.cookie => 'name=value'\u000a// document.cookie => 'name=value'\u000acooker().create('name', 'new_value'); // => false | document.cookie => 'name=value'\u000a```\u000a\u000a### Update:\u000a\u000a```javascript\u000a// document.cookie => 'name=value'\u000acooker().update('name', 'new_value'); // => true | document.cookie => 'name=new_value'\u000a// document.cookie => ''\u000acooker().update('name', 'new_value'); // => false | document.cookie => ''\u000a```\u000a","readmeFilename":"README.md","gitHead":"f09143b5905071bcbaa870a87d486cf1d46d8208","bugs":{"url":"https://github.com/niwaringo/cookiecooker/issues"},"_id":"cookiecooker@0.5.0","_shasum":"6282496cb0c0ba37020cadf21d6af3c96511d046","_from":".","_npmVersion":"2.1.9","_nodeVersion":"0.10.31","_npmUser":{"name":"niwaringo","email":"niwaringo@gmail.com"},"maintainers":[{"name":"niwaringo","email":"niwaringo@gmail.com"}],"dist":{"shasum":"6282496cb0c0ba37020cadf21d6af3c96511d046","tarball":"http://registry.npmjs.org/cookiecooker/-/cookiecooker-0.5.0.tgz"}}: cookiecooker
43 error If you need help, you may report this error at:
43 error     <http://github.com/npm/npm/issues>
44 verbose exit [ 1, true ]
